<?xml version="1.0" encoding="UTF-8"?>
<testng-results skipped="0" failed="0" ignored="0" total="1" passed="1">
  <reporter-output>
  </reporter-output>
  <suite name="Default suite" duration-ms="12875" started-at="2018-10-13T07:02:54Z" finished-at="2018-10-13T07:03:07Z">
    <groups>
    </groups>
    <test name="Default test" duration-ms="12875" started-at="2018-10-13T07:02:54Z" finished-at="2018-10-13T07:03:07Z">
      <class name="execute.ExecuteTest">
        <test-method status="PASS" signature="testLogin()[pri:0, instance:execute.ExecuteTest@66a3ffec]" name="testLogin" duration-ms="12851" started-at="2018-10-13T07:02:54Z" finished-at="2018-10-13T07:03:07Z">
          <reporter-output>
          </reporter-output>
        </test-method> <!-- testLogin -->
      </class> <!-- execute.ExecuteTest -->
    </test> <!-- Default test -->
  </suite> <!-- Default suite -->
</testng-results>
